Android/cardboard-master/hellocardboard-android/build/intermediates/manifest_merge_blame_file/debug/manifest-merger-blame-debug-report.txt
1<?xml version="1.0" encoding="utf-8"?>
2<manifest xmlns:android="http://schemas.android.com/apk/res/android"
3    package="com.google.cardboard.hellocardboard"
4    android:versionCode="1"
5    android:versionName="1.0" >
6
7    <uses-sdk
8        android:minSdkVersion="21"
8-->src\main\AndroidManifest.xml
9        android:targetSdkVersion="28" />
9-->src\main\AndroidManifest.xml
10
11    <uses-feature
11-->src\main\AndroidManifest.xml:5:5-78
12        android:glEsVersion="0x00030002"
12-->src\main\AndroidManifest.xml:5:19-51
13        android:required="true" />
13-->src\main\AndroidManifest.xml:5:52-75
14    <uses-feature
14-->src\main\AndroidManifest.xml:6:5-97
15        android:name="android.hardware.sensor.accelerometer"
15-->src\main\AndroidManifest.xml:6:19-71
16        android:required="true" />
16-->src\main\AndroidManifest.xml:6:72-95
17    <uses-feature
17-->src\main\AndroidManifest.xml:7:5-93
18        android:name="android.hardware.sensor.gyroscope"
18-->src\main\AndroidManifest.xml:7:19-67
19        android:required="true" />
19-->src\main\AndroidManifest.xml:7:68-91
20
21    <uses-permission android:name="android.permission.CAMERA" />
21-->src\main\AndroidManifest.xml:8:5-65
21-->src\main\AndroidManifest.xml:8:22-62
22    <uses-permission android:name="android.permission.READ_EXTERNAL_STORAGE" />
22-->src\main\AndroidManifest.xml:9:5-80
22-->src\main\AndroidManifest.xml:9:22-77
23    <uses-permission android:name="android.permission.WRITE_EXTERNAL_STORAGE" />
23-->src\main\AndroidManifest.xml:10:5-81
23-->src\main\AndroidManifest.xml:10:22-78
24    <uses-permission android:name="android.permission.INTERNET" />
24-->src\main\AndroidManifest.xml:11:5-67
24-->src\main\AndroidManifest.xml:11:22-64
25    <uses-permission android:name="android.permission.NFC" />
25-->[:sdk] AndroidManifest.xml:18:5-62
25-->[:sdk] AndroidManifest.xml:18:22-59
26
27    <application
27-->src\main\AndroidManifest.xml:14:5-32:19
28        android:allowBackup="true"
28-->src\main\AndroidManifest.xml:15:9-35
29        android:appComponentFactory="android.support.v4.app.CoreComponentFactory"
29-->[com.android.support:support-compat:28.0.0] AndroidManifest.xml:22:18-91
30        android:debuggable="true"
31        android:icon="@drawable/ic_launcher"
31-->src\main\AndroidManifest.xml:16:9-45
32        android:label="@string/app_name"
32-->src\main\AndroidManifest.xml:17:9-41
33        android:supportsRtl="true"
33-->src\main\AndroidManifest.xml:18:9-35
34        android:testOnly="true"
35        android:theme="@style/AppTheme"
35-->src\main\AndroidManifest.xml:20:9-40
36        android:usesCleartextTraffic="true" >
36-->src\main\AndroidManifest.xml:19:9-44
37        <activity
37-->src\main\AndroidManifest.xml:21:9-31:20
38            android:name="com.google.cardboard.VrActivity"
38-->src\main\AndroidManifest.xml:22:13-59
39            android:exported="true"
39-->src\main\AndroidManifest.xml:26:13-36
40            android:label="@string/title_activity_vr"
40-->src\main\AndroidManifest.xml:23:13-54
41            android:screenOrientation="landscape"
41-->src\main\AndroidManifest.xml:25:13-50
42            android:theme="@style/Theme.AppCompat.NoActionBar" >
42-->src\main\AndroidManifest.xml:24:13-63
43            <intent-filter>
43-->src\main\AndroidManifest.xml:27:13-30:29
44                <action android:name="android.intent.action.MAIN" />
44-->src\main\AndroidManifest.xml:28:17-69
44-->src\main\AndroidManifest.xml:28:25-66
45
46                <category android:name="android.intent.category.LAUNCHER" />
46-->src\main\AndroidManifest.xml:29:17-77
46-->src\main\AndroidManifest.xml:29:27-74
47            </intent-filter>
48        </activity>
49        <activity
49-->[:sdk] AndroidManifest.xml:27:9-31:66
50            android:name="com.google.cardboard.QrCodeCaptureActivity"
50-->[:sdk] AndroidManifest.xml:28:13-70
51            android:exported="false"
51-->[:sdk] AndroidManifest.xml:29:13-37
52            android:label="@string/title_activity_qr_code_capture"
52-->[:sdk] AndroidManifest.xml:30:13-67
53            android:theme="@style/Theme.AppCompat.NoActionBar" />
53-->[:sdk] AndroidManifest.xml:31:13-63
54        <!--
55          Activity whose sole purpose is to update cardboard params when a Cardboard V1 NFC tag
56          is detected.
57        -->
58        <activity
58-->[:sdk] AndroidManifest.xml:37:9-50:20
59            android:name="com.google.cardboard.HeadsetDetectionActivity"
59-->[:sdk] AndroidManifest.xml:38:13-73
60            android:exported="true"
60-->[:sdk] AndroidManifest.xml:39:13-36
61            android:label="@string/headset_detection_activity_title" >
61-->[:sdk] AndroidManifest.xml:40:13-69
62
63            <!-- Handles the Cardboard V1 nfc tag released at I/O 2014. -->
64            <intent-filter>
64-->[:sdk] AndroidManifest.xml:43:13-49:29
65                <action android:name="android.nfc.action.NDEF_DISCOVERED" />
65-->[:sdk] AndroidManifest.xml:44:17-77
65-->[:sdk] AndroidManifest.xml:44:25-74
66
67                <category android:name="android.intent.category.DEFAULT" />
67-->[:sdk] AndroidManifest.xml:46:17-76
67-->[:sdk] AndroidManifest.xml:46:27-73
68
69                <data android:scheme="cardboard" />
69-->[:sdk] AndroidManifest.xml:48:17-52
69-->[:sdk] AndroidManifest.xml:48:23-49
70            </intent-filter>
71        </activity>
72        <activity
72-->[com.google.android.gms:play-services-base:15.0.1] AndroidManifest.xml:23:9-26:75
73            android:name="com.google.android.gms.common.api.GoogleApiActivity"
73-->[com.google.android.gms:play-services-base:15.0.1] AndroidManifest.xml:24:13-79
74            android:exported="false"
74-->[com.google.android.gms:play-services-base:15.0.1] AndroidManifest.xml:25:13-37
75            android:theme="@android:style/Theme.Translucent.NoTitleBar" />
75-->[com.google.android.gms:play-services-base:15.0.1] AndroidManifest.xml:26:13-72
76
77        <meta-data
77-->[com.google.android.gms:play-services-basement:15.0.1] AndroidManifest.xml:23:9-25:69
78            android:name="com.google.android.gms.version"
78-->[com.google.android.gms:play-services-basement:15.0.1] AndroidManifest.xml:24:13-58
79            android:value="@integer/google_play_services_version" />
79-->[com.google.android.gms:play-services-basement:15.0.1] AndroidManifest.xml:25:13-66
80        <meta-data
80-->[com.android.support:support-v4:26.1.0] AndroidManifest.xml:26:9-28:38
81            android:name="android.support.VERSION"
81-->[com.android.support:support-v4:26.1.0] AndroidManifest.xml:27:13-51
82            android:value="26.1.0" />
82-->[com.android.support:support-v4:26.1.0] AndroidManifest.xml:28:13-35
83    </application>
84
85</manifest>